TN:
SF:src\business\orderBusiness.js
FN:3,<instance_members_initializer>
FN:5,_validateRequiredFields
FN:9,_create
FNF:3
FNH:3
FNDA:2,<instance_members_initializer>
FNDA:2,_validateRequiredFields
FNDA:2,_create
DA:1,1
DA:2,1
DA:3,1
DA:4,2
DA:5,2
DA:6,2
DA:7,2
DA:8,2
DA:9,2
DA:10,2
DA:11,2
DA:12,2
DA:13,2
LF:13
LH:13
BRDA:3,0,0,2
BRDA:5,1,0,2
BRDA:9,2,0,2
BRF:3
BRH:3
end_of_record
TN:
SF:src\business\base\baseBusiness.js
FN:3,_validateRequiredFields
FN:6,_create
FN:17,create
FNF:3
FNH:3
FNDA:1,_validateRequiredFields
FNDA:1,_create
FNDA:5,create
DA:1,1
DA:2,1
DA:3,1
DA:4,1
DA:5,1
DA:6,1
DA:7,1
DA:8,1
DA:9,1
DA:10,1
DA:11,1
DA:12,1
DA:13,1
DA:14,1
DA:15,1
DA:16,1
DA:17,1
DA:18,5
DA:19,5
DA:20,3
DA:21,3
DA:22,3
DA:23,1
LF:23
LH:23
BRDA:3,0,0,1
BRDA:6,1,0,1
BRDA:17,2,0,5
BRDA:19,3,0,1
BRDA:19,4,0,3
BRF:5
BRH:5
end_of_record
TN:
SF:src\entities\order.js
FN:2,Order
FNF:1
FNH:1
FNDA:2,Order
DA:1,1
DA:2,1
DA:3,2
DA:4,2
DA:5,2
DA:6,2
DA:7,1
LF:7
LH:7
BRDA:2,0,0,2
BRF:1
BRH:1
end_of_record
TN:
SF:src\utils\exceptions.js
FN:2,NotImplementedException
FNF:1
FNH:1
FNDA:4,NotImplementedException
DA:1,1
DA:2,1
DA:3,4
DA:4,4
DA:5,4
DA:6,1
DA:7,1
DA:8,1
LF:8
LH:8
BRDA:2,0,0,4
BRF:1
BRH:1
end_of_record
